<?xml version="1.0" encoding="UTF-8"?>
<!-- Generated by org.testng.reporters.JUnitReportReporter -->
<testsuite hostname="LAPTOP-N0TAQN7C" failures="0" tests="1" name="demo.GetAllCountry" time="5.380" errors="0" timestamp="2024-01-27T13:30:23 GMT-05:00" skipped="0">
  <testcase classname="demo.GetAllCountry" name="createUser" time="5.380"/>
  <system-out/>
</testsuite> <!-- demo.GetAllCountry -->
