<?xml version="1.0" encoding="UTF-8"?>
<!-- Generated by org.testng.reporters.JUnitReportReporter -->
<testsuite hostname="LAPTOP-N0TAQN7C" failures="0" tests="1" name="demo.GetWeatherUpdate" time="3.310" errors="0" timestamp="2024-01-26T16:33:28 GMT-05:00" skipped="0">
  <testcase classname="demo.GetWeatherUpdate" name="getTemperature" time="3.310"/>
  <system-out/>
</testsuite> <!-- demo.GetWeatherUpdate -->
