<?xml version="1.0" encoding="UTF-8"?>
<!-- Generated by org.testng.reporters.JUnitReportReporter -->
<testsuite hostname="LAPTOP-N0TAQN7C" failures="0" tests="1" name="demo.POSTDemo" time="2.679" errors="0" timestamp="2024-01-28T20:20:31 GMT-05:00" skipped="0">
  <testcase classname="demo.POSTDemo" name="CreateUser" time="2.679"/>
  <system-out/>
</testsuite> <!-- demo.POSTDemo -->
