<?xml version="1.0" encoding="UTF-8"?>
<!-- Generated by org.testng.reporters.JUnitReportReporter -->
<testsuite hostname="LAPTOP-N0TAQN7C" failures="0" tests="1" name="demo.GETDemo" time="4.843" errors="0" timestamp="2024-01-28T19:25:19 GMT-05:00" skipped="0">
  <testcase classname="demo.GETDemo" name="getUser" time="4.843"/>
  <system-out/>
</testsuite> <!-- demo.GETDemo -->
