<?xml version="1.0" encoding="UTF-8"?>
<!-- Generated by org.testng.reporters.JUnitReportReporter -->
<testsuite hostname="LAPTOP-N0TAQN7C" failures="0" tests="1" name="demo.CreateUser" time="4.888" errors="0" timestamp="2024-01-26T18:13:46 GMT-05:00" skipped="0">
  <testcase classname="demo.CreateUser" name="createUser" time="4.888"/>
  <system-out/>
</testsuite> <!-- demo.CreateUser -->
