<?xml version="1.0" encoding="UTF-8"?>
<!-- Generated by org.testng.reporters.JUnitReportReporter -->
<testsuite hostname="LAPTOP-N0TAQN7C" failures="0" tests="1" name="demo.GetAllCountries" time="4.083" errors="0" timestamp="2024-01-26T13:49:09 GMT-05:00" skipped="0">
  <testcase classname="demo.GetAllCountries" name="getAllCountries" time="4.083"/>
  <system-out/>
</testsuite> <!-- demo.GetAllCountries -->
