<?xml version="1.0" encoding="UTF-8"?>
<!-- Generated by org.testng.reporters.JUnitReportReporter -->
<testsuite hostname="LAPTOP-N0TAQN7C" failures="0" tests="1" name="demo.POST" time="3.722" errors="0" timestamp="2024-01-27T20:32:25 GMT-05:00" skipped="0">
  <testcase classname="demo.POST" name="createUser" time="3.722"/>
  <system-out/>
</testsuite> <!-- demo.POST -->
